  callbacks.cpp
  main.cpp
  Particle.cpp
  RenderUtils.cpp
  Camera.cpp
  Render.cpp
U:\hlocal\fisica\SimulacionFisicaVideojuegos\skeleton\Render\Camera.cpp(88,19): warning C5219: conversión implícita de "int" a "float"; posible pérdida de datos
U:\hlocal\fisica\SimulacionFisicaVideojuegos\skeleton\Render\Camera.cpp(90,19): warning C5219: conversión implícita de "int" a "float"; posible pérdida de datos
U:\hlocal\fisica\SimulacionFisicaVideojuegos\common\PhysX-3.4\PxShared\include\task\PxTask.h(329,1): warning C5220: "physx::PxLightCpuTask::mRefCount": un miembro de datos no estático con un tipo calificado volátil ya no implica
           que los constructores de copia/movimiento generados por el compilador y los operadores de asignación de copia o movimiento no sean triviales (compilando archivo de origen Particle.cpp)
U:\hlocal\fisica\SimulacionFisicaVideojuegos\common\PhysX-3.4\PxShared\include\task\PxTask.h(326,19): message : vea la declaración de 'physx::PxLightCpuTask::mRefCount' (compilando archivo de origen Particle.cpp)
U:\hlocal\fisica\SimulacionFisicaVideojuegos\common\PhysX-3.4\PxShared\include\task\PxTask.h(329,1): warning C5220: "physx::PxLightCpuTask::mRefCount": un miembro de datos no estático con un tipo calificado volátil ya no implica
           que los constructores de copia/movimiento generados por el compilador y los operadores de asignación de copia o movimiento no sean triviales (compilando archivo de origen main.cpp)
U:\hlocal\fisica\SimulacionFisicaVideojuegos\common\PhysX-3.4\PxShared\include\task\PxTask.h(326,19): message : vea la declaración de 'physx::PxLightCpuTask::mRefCount' (compilando archivo de origen main.cpp)
U:\hlocal\fisica\SimulacionFisicaVideojuegos\common\PhysX-3.4\PxShared\include\task\PxTask.h(329,1): warning C5220: "physx::PxLightCpuTask::mRefCount": un miembro de datos no estático con un tipo calificado volátil ya no implica
           que los constructores de copia/movimiento generados por el compilador y los operadores de asignación de copia o movimiento no sean triviales (compilando archivo de origen callbacks.cpp)
U:\hlocal\fisica\SimulacionFisicaVideojuegos\common\PhysX-3.4\PxShared\include\task\PxTask.h(326,19): message : vea la declaración de 'physx::PxLightCpuTask::mRefCount' (compilando archivo de origen callbacks.cpp)
U:\hlocal\fisica\SimulacionFisicaVideojuegos\common\PhysX-3.4\PxShared\include\task\PxTask.h(329,1): warning C5220: "physx::PxLightCpuTask::mRefCount": un miembro de datos no estático con un tipo calificado volátil ya no implica
           que los constructores de copia/movimiento generados por el compilador y los operadores de asignación de copia o movimiento no sean triviales (compilando archivo de origen Render\Render.cpp)
U:\hlocal\fisica\SimulacionFisicaVideojuegos\common\PhysX-3.4\PxShared\include\task\PxTask.h(326,19): message : vea la declaración de 'physx::PxLightCpuTask::mRefCount' (compilando archivo de origen Render\Render.cpp)
U:\hlocal\fisica\SimulacionFisicaVideojuegos\common\PhysX-3.4\PxShared\include\task\PxTask.h(329,1): warning C5220: "physx::PxLightCpuTask::mRefCount": un miembro de datos no estático con un tipo calificado volátil ya no implica
           que los constructores de copia/movimiento generados por el compilador y los operadores de asignación de copia o movimiento no sean triviales (compilando archivo de origen RenderUtils.cpp)
U:\hlocal\fisica\SimulacionFisicaVideojuegos\common\PhysX-3.4\PxShared\include\task\PxTask.h(326,19): message : vea la declaración de 'physx::PxLightCpuTask::mRefCount' (compilando archivo de origen RenderUtils.cpp)
U:\hlocal\fisica\SimulacionFisicaVideojuegos\skeleton\Render\Render.cpp(398,13): warning C4267: 'inicializando': conversión de 'size_t' a 'int'; posible pérdida de datos
U:\hlocal\fisica\SimulacionFisicaVideojuegos\skeleton\Render\Render.cpp(132): warning C5045: El compilador insertará la mitigación de Spectre para la carga de memoria si se especificó el modificador /Qspectre
  U:\hlocal\fisica\SimulacionFisicaVideojuegos\skeleton\Render\Render.cpp(121) : nota: el intervalo "nbPolys" del índice se comprobó por comparación en esta línea
  U:\hlocal\fisica\SimulacionFisicaVideojuegos\common\PhysX-3.4\PxShared\include\foundation\PxVec3.h(105) : nota: suministra la carga de memoria en esta línea
  game.vcxproj -> U:\hlocal\fisica\SimulacionFisicaVideojuegos\bin\game.exe
